2025-09-30 12:11:14,771 - numexpr.utils - INFO - NumExpr defaulting to 8 threads.
2025-09-30 12:11:20,674 - httpx - INFO - HTTP Request: GET https://dagshub.com/api/v1/user "HTTP/1.1 200 OK"
2025-09-30 12:11:20,679 - dagshub - INFO - Accessing as sufyaansayed78
2025-09-30 12:11:21,286 - httpx - INFO - HTTP Request: GET https://dagshub.com/api/v1/repos/sufyaansayed78/Networksecurity_Project "HTTP/1.1 200 OK"
2025-09-30 12:11:21,833 - httpx - INFO - HTTP Request: GET https://dagshub.com/api/v1/user "HTTP/1.1 200 OK"
2025-09-30 12:11:21,836 - dagshub - INFO - Initialized MLflow to track repo "sufyaansayed78/Networksecurity_Project"
2025-09-30 12:11:21,838 - dagshub - INFO - Repository sufyaansayed78/Networksecurity_Project initialized!
2025-09-30 12:11:21,838 - root - INFO - Initiate the data ingestion
2025-09-30 12:11:24,820 - root - INFO - Performed train test split on the dataframe
2025-09-30 12:11:24,820 - root - INFO - Exited split_data_as_train_test method of Data_Ingestion class
2025-09-30 12:11:24,820 - root - INFO - Exporting train and test file path
2025-09-30 12:11:24,892 - root - INFO - Data initiation completed
2025-09-30 12:11:24,899 - root - INFO - Initiated Data Validation
2025-09-30 12:11:24,965 - root - INFO - Required number of columns:2
2025-09-30 12:11:24,965 - root - INFO - Dataframe has columns:31
2025-09-30 12:11:24,965 - root - INFO - Required number of columns:2
2025-09-30 12:11:24,965 - root - INFO - Dataframe has columns:31
2025-09-30 12:11:25,125 - root - INFO - data validation completed
2025-09-30 12:11:25,163 - root - INFO - Saving the object as a pickle file
2025-09-30 12:11:25,168 - root - INFO - Object successfully saved as a pickle file 
2025-09-30 12:11:25,168 - root - INFO - Saving the object as a pickle file
2025-09-30 12:11:25,171 - root - INFO - Object successfully saved as a pickle file 
2025-09-30 12:11:25,172 - root - INFO - Data Transformation Completed
2025-09-30 12:11:25,172 - root - INFO - Model Training started
